Using pre-set license
Built from '2020.3/staging' branch; Version is '2020.3.8f1 (507919d4fff5) revision 5273881'; Using compiler version '192528614'; Build Type 'Release'
OS: 'Windows 10 Pro; OS build 19041.1052; Version 2004; 64bit' Language: 'en' Physical Memory: 7997 MB
BatchMode: 1, IsHumanControllingUs: 0, StartBugReporterOnCrash: 0, Is64bit: 1, IsPro: 0

 COMMAND LINE ARGUMENTS:
E:\Unity_Editor\2020.3.8f1\Editor\Unity.exe
-adb2
-batchMode
-noUpm
-name
AssetImportWorker0
-projectPath
E:/u_projects/uni_platformer/My_University_Project
-logFile
Logs/AssetImportWorker0.log
-srvPort
1567
Successfully changed project path to: E:/u_projects/uni_platformer/My_University_Project
E:/u_projects/uni_platformer/My_University_Project
Using Asset Import Pipeline V2.
Refreshing native plugins compatible for Editor in 135.33 ms, found 0 plugins.
Preloading 0 native plugins for Editor in 0.00 ms.
Initialize engine version: 2020.3.8f1 (507919d4fff5)
[Subsystems] Discovering subsystems at path E:/Unity_Editor/2020.3.8f1/Editor/Data/Resources/UnitySubsystems
[Subsystems] Discovering subsystems at path E:/u_projects/uni_platformer/My_University_Project/Assets
GfxDevice: creating device client; threaded=0
Direct3D:
    Version:  Direct3D 11.0 [level 11.1]
    Renderer: NVIDIA GeForce GTX 1650 (ID=0x1f91)
    Vendor:   
    VRAM:     3962 MB
    Driver:   27.21.14.5751
Shader 'Universal Render Pipeline/Particles/Lit': fallback shader 'Universal Render Pipeline/Particles/SimpleLit' not found
Initialize mono
Mono path[0] = 'E:/Unity_Editor/2020.3.8f1/Editor/Data/Managed'
Mono path[1] = 'E:/Unity_Editor/2020.3.8f1/Editor/Data/MonoBleedingEdge/lib/mono/unityjit'
Mono config path = 'E:/Unity_Editor/2020.3.8f1/Editor/Data/MonoBleedingEdge/etc'
Using monoOptions --debugger-agent=transport=dt_socket,embedding=1,server=y,suspend=n,address=127.0.0.1:56404
Begin MonoManager ReloadAssembly
Registering precompiled unity dll's ...
Register platform support module: E:/Unity_Editor/2020.3.8f1/Editor/Data/PlaybackEngines/WindowsStandaloneSupport/UnityEditor.WindowsStandalone.Extensions.dll
Registered in 0.001322 seconds.
Native extension for WindowsStandalone target not found
Refreshing native plugins compatible for Editor in 93.89 ms, found 0 plugins.
Preloading 0 native plugins for Editor in 0.00 ms.
Mono: successfully reloaded assembly
- Completed reload, in  2.193 seconds
Platform modules already initialized, skipping
Registering precompiled user dll's ...
Registered in 0.001678 seconds.
Begin MonoManager ReloadAssembly
Native extension for WindowsStandalone target not found
Refreshing native plugins compatible for Editor in 102.70 ms, found 0 plugins.
Preloading 0 native plugins for Editor in 0.00 ms.
Mono: successfully reloaded assembly
- Completed reload, in  1.473 seconds
Platform modules already initialized, skipping
========================================================================
Worker process is ready to serve import requests
Shader 'Universal Render Pipeline/Particles/Lit': fallback shader 'Universal Render Pipeline/Particles/SimpleLit' not found
Launched and connected shader compiler UnityShaderCompiler.exe after 0.07 seconds
Refreshing native plugins compatible for Editor in 0.93 ms, found 0 plugins.
Preloading 0 native plugins for Editor in 0.00 ms.
Unloading 3097 Unused Serialized files (Serialized files now loaded: 0)
System memory in use before: 155.4 MB.
System memory in use after: 155.6 MB.

Unloading 27 unused Assets to reduce memory usage. Loaded Objects now: 3556.
Total: 3.504300 ms (FindLiveObjects: 0.383100 ms CreateObjectMapping: 0.086300 ms MarkObjects: 2.984500 ms  DeleteObjects: 0.048100 ms)

========================================================================
Received Prepare
Registering precompiled user dll's ...
Registered in 0.001754 seconds.
Begin MonoManager ReloadAssembly
Native extension for WindowsStandalone target not found
Refreshing native plugins compatible for Editor in 1.09 ms, found 0 plugins.
Preloading 0 native plugins for Editor in 0.00 ms.
Mono: successfully reloaded assembly
- Completed reload, in  1.229 seconds
Platform modules already initialized, skipping
Switching build target platform(5) subTarget(0) extendedPlatform(0) -> platform(13) subTarget(589824) extendedPlatform(0)
Shader 'Universal Render Pipeline/Particles/Lit': fallback shader 'Universal Render Pipeline/Particles/SimpleLit' not found
Refreshing native plugins compatible for Editor in 1.10 ms, found 0 plugins.
Preloading 0 native plugins for Editor in 0.00 ms.
Unloading 2959 Unused Serialized files (Serialized files now loaded: 0)
System memory in use before: 144.8 MB.
System memory in use after: 145.0 MB.

Unloading 19 unused Assets to reduce memory usage. Loaded Objects now: 3559.
Total: 3.844100 ms (FindLiveObjects: 0.405400 ms CreateObjectMapping: 0.115200 ms MarkObjects: 3.291100 ms  DeleteObjects: 0.030400 ms)

AssetImportParameters requested are different than current active one (requested -> active):
  custom:graphics/normal-map-encoding: 01000000000000000000000000000000 -> 02000000000000000000000000000000
========================================================================
Received Import Request.
  path: Assets/ImportedNew/free-swamp-game-tileset-pixel-art
  artifactKey: Guid(e7036aadfe3b0a74daa42e11fbdcd61a) Importer(815301076,1909f56bfc062723c751e8b465ee728b)
Start importing Assets/ImportedNew/free-swamp-game-tileset-pixel-art using Guid(e7036aadfe3b0a74daa42e11fbdcd61a) Importer(815301076,1909f56bfc062723c751e8b465ee728b)  -> (artifact id: '90ac7f40829bb345066105d8a7e3877e') in 0.020282 seconds
  Import took 0.027886 seconds .

========================================================================
Received Import Request.
  Time since last request: 1.816409 seconds.
  path: Assets/ImportedNew/free-swamp-game-tileset-pixel-art/3 Objects
  artifactKey: Guid(0576b3e410060a240866e9b40b11e69e) Importer(815301076,1909f56bfc062723c751e8b465ee728b)
Start importing Assets/ImportedNew/free-swamp-game-tileset-pixel-art/3 Objects using Guid(0576b3e410060a240866e9b40b11e69e) Importer(815301076,1909f56bfc062723c751e8b465ee728b)  -> (artifact id: '02fab5ee23ca8b984b84a02506871e18') in 0.012397 seconds
  Import took 0.019939 seconds .

========================================================================
Received Import Request.
  Time since last request: 16.890911 seconds.
  path: Assets/ImportedNew/free-swamp-game-tileset-pixel-art/3 Objects/Boxes/1.png
  artifactKey: Guid(84fc7494720426341affb73f1979f39e) Importer(815301076,1909f56bfc062723c751e8b465ee728b)
Start importing Assets/ImportedNew/free-swamp-game-tileset-pixel-art/3 Objects/Boxes/1.png using Guid(84fc7494720426341affb73f1979f39e) Importer(815301076,1909f56bfc062723c751e8b465ee728b)  -> (artifact id: 'a4e70400574803429e3ec1d933fd7564') in 0.207422 seconds
  Import took 0.214555 seconds .

========================================================================
Received Import Request.
  Time since last request: 0.000250 seconds.
  path: Assets/ImportedNew/free-swamp-game-tileset-pixel-art/3 Objects/Boxes/3.png
  artifactKey: Guid(1380100a2833791479991ddb6f2fc0cf) Importer(815301076,1909f56bfc062723c751e8b465ee728b)
Start importing Assets/ImportedNew/free-swamp-game-tileset-pixel-art/3 Objects/Boxes/3.png using Guid(1380100a2833791479991ddb6f2fc0cf) Importer(815301076,1909f56bfc062723c751e8b465ee728b)  -> (artifact id: 'a0f3887622998ab09d7d10ef10211c5a') in 0.016433 seconds
  Import took 0.023172 seconds .

========================================================================
Received Import Request.
  Time since last request: 0.000196 seconds.
  path: Assets/ImportedNew/free-swamp-game-tileset-pixel-art/3 Objects/Boxes/2.png
  artifactKey: Guid(790796631c76a354d8be8d3329b8f30e) Importer(815301076,1909f56bfc062723c751e8b465ee728b)
Start importing Assets/ImportedNew/free-swamp-game-tileset-pixel-art/3 Objects/Boxes/2.png using Guid(790796631c76a354d8be8d3329b8f30e) Importer(815301076,1909f56bfc062723c751e8b465ee728b)  -> (artifact id: '47cbbd6f0e01495f418a1c9606d25d71') in 0.016484 seconds
  Import took 0.022702 seconds .

========================================================================
Received Import Request.
  Time since last request: 0.000234 seconds.
  path: Assets/ImportedNew/free-swamp-game-tileset-pixel-art/3 Objects/Boxes/4.png
  artifactKey: Guid(414055784bf197840a2b6ea1303e832b) Importer(815301076,1909f56bfc062723c751e8b465ee728b)
Start importing Assets/ImportedNew/free-swamp-game-tileset-pixel-art/3 Objects/Boxes/4.png using Guid(414055784bf197840a2b6ea1303e832b) Importer(815301076,1909f56bfc062723c751e8b465ee728b)  -> (artifact id: '62b5ce17c5884d6143ec6169602582bb') in 0.017086 seconds
  Import took 0.024498 seconds .

========================================================================
Received Import Request.
  Time since last request: 0.000268 seconds.
  path: Assets/ImportedNew/free-swamp-game-tileset-pixel-art/3 Objects/Boxes/5.png
  artifactKey: Guid(f507cc05acf5f45449ee3c33eb3c4653) Importer(815301076,1909f56bfc062723c751e8b465ee728b)
Start importing Assets/ImportedNew/free-swamp-game-tileset-pixel-art/3 Objects/Boxes/5.png using Guid(f507cc05acf5f45449ee3c33eb3c4653) Importer(815301076,1909f56bfc062723c751e8b465ee728b)  -> (artifact id: 'c672fc63a069eb3d30f74f7affdf9794') in 0.015539 seconds
  Import took 0.023249 seconds .

========================================================================
Received Import Request.
  Time since last request: 0.000253 seconds.
  path: Assets/ImportedNew/free-swamp-game-tileset-pixel-art/3 Objects/Boxes/6.png
  artifactKey: Guid(da1e7611b548af140b4f4bab27c12ca7) Importer(815301076,1909f56bfc062723c751e8b465ee728b)
Start importing Assets/ImportedNew/free-swamp-game-tileset-pixel-art/3 Objects/Boxes/6.png using Guid(da1e7611b548af140b4f4bab27c12ca7) Importer(815301076,1909f56bfc062723c751e8b465ee728b)  -> (artifact id: '73b1b102f3fa618c8ed639993298f51a') in 0.019204 seconds
  Import took 0.026352 seconds .

========================================================================
Received Import Request.
  Time since last request: 0.032295 seconds.
  path: Assets/ImportedNew/free-swamp-game-tileset-pixel-art/3 Objects/Boxes/6.png
  artifactKey: Guid(da1e7611b548af140b4f4bab27c12ca7) Importer(815301076,1909f56bfc062723c751e8b465ee728b)
Start importing Assets/ImportedNew/free-swamp-game-tileset-pixel-art/3 Objects/Boxes/6.png using Guid(da1e7611b548af140b4f4bab27c12ca7) Importer(815301076,1909f56bfc062723c751e8b465ee728b)  -> (artifact id: '73b1b102f3fa618c8ed639993298f51a') in 0.010780 seconds
  Import took 0.017573 seconds .

========================================================================
Received Import Request.
  Time since last request: 724.571865 seconds.
  path: Assets/ImportedNew/free-swamp-game-tileset-pixel-art/3 Objects/Bushes/1.png
  artifactKey: Guid(009a433406e4aa94baa88d8e545fee26) Importer(815301076,1909f56bfc062723c751e8b465ee728b)
Start importing Assets/ImportedNew/free-swamp-game-tileset-pixel-art/3 Objects/Bushes/1.png using Guid(009a433406e4aa94baa88d8e545fee26) Importer(815301076,1909f56bfc062723c751e8b465ee728b)  -> (artifact id: 'c06df95b992e478940346e7c3105885b') in 0.017558 seconds
  Import took 0.024815 seconds .

========================================================================
Received Import Request.
  Time since last request: 0.041279 seconds.
  path: Assets/ImportedNew/free-swamp-game-tileset-pixel-art/3 Objects/Bushes/1.png
  artifactKey: Guid(009a433406e4aa94baa88d8e545fee26) Importer(815301076,1909f56bfc062723c751e8b465ee728b)
Start importing Assets/ImportedNew/free-swamp-game-tileset-pixel-art/3 Objects/Bushes/1.png using Guid(009a433406e4aa94baa88d8e545fee26) Importer(815301076,1909f56bfc062723c751e8b465ee728b)  -> (artifact id: 'c06df95b992e478940346e7c3105885b') in 0.011865 seconds
  Import took 0.018147 seconds .

========================================================================
Received Import Request.
  Time since last request: 0.000241 seconds.
  path: Assets/ImportedNew/free-swamp-game-tileset-pixel-art/3 Objects/Bushes/3.png
  artifactKey: Guid(976e8b823f97c3d4d8015b343166982e) Importer(815301076,1909f56bfc062723c751e8b465ee728b)
Start importing Assets/ImportedNew/free-swamp-game-tileset-pixel-art/3 Objects/Bushes/3.png using Guid(976e8b823f97c3d4d8015b343166982e) Importer(815301076,1909f56bfc062723c751e8b465ee728b)  -> (artifact id: '4434e3400431fe9fe4e72b88756273a9') in 0.020227 seconds
  Import took 0.026612 seconds .

========================================================================
Received Import Request.
  Time since last request: 0.000270 seconds.
  path: Assets/ImportedNew/free-swamp-game-tileset-pixel-art/3 Objects/Bushes/7.png
  artifactKey: Guid(9e9688f91843998458b574e8cba8abe6) Importer(815301076,1909f56bfc062723c751e8b465ee728b)
Start importing Assets/ImportedNew/free-swamp-game-tileset-pixel-art/3 Objects/Bushes/7.png using Guid(9e9688f91843998458b574e8cba8abe6) Importer(815301076,1909f56bfc062723c751e8b465ee728b)  -> (artifact id: '6fde50d7c8ac744888368e045dbcfcd0') in 0.018321 seconds
  Import took 0.025775 seconds .

========================================================================
Received Import Request.
  Time since last request: 0.000303 seconds.
  path: Assets/ImportedNew/free-swamp-game-tileset-pixel-art/3 Objects/Bushes/8.png
  artifactKey: Guid(31df77cb4245c024a9357a9291c40a6a) Importer(815301076,1909f56bfc062723c751e8b465ee728b)
Start importing Assets/ImportedNew/free-swamp-game-tileset-pixel-art/3 Objects/Bushes/8.png using Guid(31df77cb4245c024a9357a9291c40a6a) Importer(815301076,1909f56bfc062723c751e8b465ee728b)  -> (artifact id: '3db4a2a7d0db4a46ab60a068db8f0560') in 0.016679 seconds
  Import took 0.023323 seconds .

========================================================================
Received Import Request.
  Time since last request: 0.000504 seconds.
  path: Assets/ImportedNew/free-swamp-game-tileset-pixel-art/3 Objects/Bushes/4.png
  artifactKey: Guid(1ffa6c0799fd7d648b2fd0d3ec54aaa4) Importer(815301076,1909f56bfc062723c751e8b465ee728b)
Start importing Assets/ImportedNew/free-swamp-game-tileset-pixel-art/3 Objects/Bushes/4.png using Guid(1ffa6c0799fd7d648b2fd0d3ec54aaa4) Importer(815301076,1909f56bfc062723c751e8b465ee728b)  -> (artifact id: '467dfb8e1663f316604612a42a8719d4') in 0.015240 seconds
  Import took 0.022503 seconds .

========================================================================
Received Import Request.
  Time since last request: 0.000307 seconds.
  path: Assets/ImportedNew/free-swamp-game-tileset-pixel-art/3 Objects/Bushes/2.png
  artifactKey: Guid(bc37760f8f7b0d3439954dc5e7246719) Importer(815301076,1909f56bfc062723c751e8b465ee728b)
Start importing Assets/ImportedNew/free-swamp-game-tileset-pixel-art/3 Objects/Bushes/2.png using Guid(bc37760f8f7b0d3439954dc5e7246719) Importer(815301076,1909f56bfc062723c751e8b465ee728b)  -> (artifact id: 'b987ed9791c80a2e73f20fed23db36f9') in 0.018055 seconds
  Import took 0.025241 seconds .

========================================================================
Received Import Request.
  Time since last request: 0.000226 seconds.
  path: Assets/ImportedNew/free-swamp-game-tileset-pixel-art/3 Objects/Bushes/9.png
  artifactKey: Guid(deb12c5e93abec34e8cb94eb327cfff5) Importer(815301076,1909f56bfc062723c751e8b465ee728b)
Start importing Assets/ImportedNew/free-swamp-game-tileset-pixel-art/3 Objects/Bushes/9.png using Guid(deb12c5e93abec34e8cb94eb327cfff5) Importer(815301076,1909f56bfc062723c751e8b465ee728b)  -> (artifact id: 'dd1fc8e492a7c8fc9a34347e4616a8d3') in 0.018903 seconds
  Import took 0.025886 seconds .

========================================================================
Received Import Request.
  Time since last request: 0.000257 seconds.
  path: Assets/ImportedNew/free-swamp-game-tileset-pixel-art/3 Objects/Bushes/5.png
  artifactKey: Guid(3b409593eea710f468b28a85f4a086a4) Importer(815301076,1909f56bfc062723c751e8b465ee728b)
Start importing Assets/ImportedNew/free-swamp-game-tileset-pixel-art/3 Objects/Bushes/5.png using Guid(3b409593eea710f468b28a85f4a086a4) Importer(815301076,1909f56bfc062723c751e8b465ee728b)  -> (artifact id: 'fbec9eef96c51dad6d79fc94f74eb7ce') in 0.016296 seconds
  Import took 0.022949 seconds .

========================================================================
Received Import Request.
  Time since last request: 0.000239 seconds.
  path: Assets/ImportedNew/free-swamp-game-tileset-pixel-art/3 Objects/Bushes/6.png
  artifactKey: Guid(9be4014f475961e42a2fa2cdfeef6499) Importer(815301076,1909f56bfc062723c751e8b465ee728b)
Start importing Assets/ImportedNew/free-swamp-game-tileset-pixel-art/3 Objects/Bushes/6.png using Guid(9be4014f475961e42a2fa2cdfeef6499) Importer(815301076,1909f56bfc062723c751e8b465ee728b)  -> (artifact id: 'eca120254f2dcca31f8ef73ed1a660b7') in 0.017558 seconds
  Import took 0.023384 seconds .

========================================================================
Received Import Request.
  Time since last request: 0.000205 seconds.
  path: Assets/ImportedNew/free-swamp-game-tileset-pixel-art/3 Objects/Bushes/5.png
  artifactKey: Guid(3b409593eea710f468b28a85f4a086a4) Importer(815301076,1909f56bfc062723c751e8b465ee728b)
Start importing Assets/ImportedNew/free-swamp-game-tileset-pixel-art/3 Objects/Bushes/5.png using Guid(3b409593eea710f468b28a85f4a086a4) Importer(815301076,1909f56bfc062723c751e8b465ee728b)  -> (artifact id: 'fbec9eef96c51dad6d79fc94f74eb7ce') in 0.019569 seconds
  Import took 0.025627 seconds .

========================================================================
Received Import Request.
  Time since last request: 0.032331 seconds.
  path: Assets/ImportedNew/free-swamp-game-tileset-pixel-art/3 Objects/Bushes/6.png
  artifactKey: Guid(9be4014f475961e42a2fa2cdfeef6499) Importer(815301076,1909f56bfc062723c751e8b465ee728b)
Start importing Assets/ImportedNew/free-swamp-game-tileset-pixel-art/3 Objects/Bushes/6.png using Guid(9be4014f475961e42a2fa2cdfeef6499) Importer(815301076,1909f56bfc062723c751e8b465ee728b)  -> (artifact id: 'eca120254f2dcca31f8ef73ed1a660b7') in 0.011561 seconds
  Import took 0.019405 seconds .

========================================================================
Received Import Request.
  Time since last request: 147.080520 seconds.
  path: Assets/ImportedNew/free-swamp-game-tileset-pixel-art/3 Objects/Pointers/1.png
  artifactKey: Guid(d157b655c0a802e49ab13f260743d37b) Importer(815301076,1909f56bfc062723c751e8b465ee728b)
Start importing Assets/ImportedNew/free-swamp-game-tileset-pixel-art/3 Objects/Pointers/1.png using Guid(d157b655c0a802e49ab13f260743d37b) Importer(815301076,1909f56bfc062723c751e8b465ee728b)  -> (artifact id: '9b570375db76899ac2ce7ca593ec5864') in 0.022340 seconds
  Import took 0.029381 seconds .

========================================================================
Received Import Request.
  Time since last request: 0.004397 seconds.
  path: Assets/ImportedNew/free-swamp-game-tileset-pixel-art/3 Objects/Pointers/1.png
  artifactKey: Guid(d157b655c0a802e49ab13f260743d37b) Importer(815301076,1909f56bfc062723c751e8b465ee728b)
Start importing Assets/ImportedNew/free-swamp-game-tileset-pixel-art/3 Objects/Pointers/1.png using Guid(d157b655c0a802e49ab13f260743d37b) Importer(815301076,1909f56bfc062723c751e8b465ee728b)  -> (artifact id: '9b570375db76899ac2ce7ca593ec5864') in 0.010652 seconds
  Import took 0.016640 seconds .

========================================================================
Received Import Request.
  Time since last request: 0.000263 seconds.
  path: Assets/ImportedNew/free-swamp-game-tileset-pixel-art/3 Objects/Pointers/2.png
  artifactKey: Guid(0e205ed6afade364bbedd69d3a5879f6) Importer(815301076,1909f56bfc062723c751e8b465ee728b)
Start importing Assets/ImportedNew/free-swamp-game-tileset-pixel-art/3 Objects/Pointers/2.png using Guid(0e205ed6afade364bbedd69d3a5879f6) Importer(815301076,1909f56bfc062723c751e8b465ee728b)  -> (artifact id: 'f2b15595d5ceca88541211846016bcd1') in 0.016261 seconds
  Import took 0.022640 seconds .

========================================================================
Received Import Request.
  Time since last request: 0.000314 seconds.
  path: Assets/ImportedNew/free-swamp-game-tileset-pixel-art/3 Objects/Pointers/3.png
  artifactKey: Guid(9f46d2d5574f1504b8244dc8fe172f90) Importer(815301076,1909f56bfc062723c751e8b465ee728b)
Start importing Assets/ImportedNew/free-swamp-game-tileset-pixel-art/3 Objects/Pointers/3.png using Guid(9f46d2d5574f1504b8244dc8fe172f90) Importer(815301076,1909f56bfc062723c751e8b465ee728b)  -> (artifact id: 'c56fec454f23284e6c32da9228708e85') in 0.015418 seconds
  Import took 0.022258 seconds .

========================================================================
Received Import Request.
  Time since last request: 0.000323 seconds.
  path: Assets/ImportedNew/free-swamp-game-tileset-pixel-art/3 Objects/Pointers/6.png
  artifactKey: Guid(814b161a7d567cd4a9094c1bf465dfdb) Importer(815301076,1909f56bfc062723c751e8b465ee728b)
Start importing Assets/ImportedNew/free-swamp-game-tileset-pixel-art/3 Objects/Pointers/6.png using Guid(814b161a7d567cd4a9094c1bf465dfdb) Importer(815301076,1909f56bfc062723c751e8b465ee728b)  -> (artifact id: '41d2e51ab399ed9986858f307afed8ff') in 0.016218 seconds
  Import took 0.022806 seconds .

========================================================================
Received Import Request.
  Time since last request: 0.000236 seconds.
  path: Assets/ImportedNew/free-swamp-game-tileset-pixel-art/3 Objects/Pointers/2.png
  artifactKey: Guid(0e205ed6afade364bbedd69d3a5879f6) Importer(815301076,1909f56bfc062723c751e8b465ee728b)
Start importing Assets/ImportedNew/free-swamp-game-tileset-pixel-art/3 Objects/Pointers/2.png using Guid(0e205ed6afade364bbedd69d3a5879f6) Importer(815301076,1909f56bfc062723c751e8b465ee728b)  -> (artifact id: 'f2b15595d5ceca88541211846016bcd1') in 0.013101 seconds
  Import took 0.018652 seconds .

========================================================================
Received Import Request.
  Time since last request: 0.000250 seconds.
  path: Assets/ImportedNew/free-swamp-game-tileset-pixel-art/3 Objects/Pointers/7.png
  artifactKey: Guid(d7b3a18c21fb4214a996c0ad3dde4213) Importer(815301076,1909f56bfc062723c751e8b465ee728b)
Start importing Assets/ImportedNew/free-swamp-game-tileset-pixel-art/3 Objects/Pointers/7.png using Guid(d7b3a18c21fb4214a996c0ad3dde4213) Importer(815301076,1909f56bfc062723c751e8b465ee728b)  -> (artifact id: 'cdcc396752920a2b32cd0caeb543f6fa') in 0.016729 seconds
  Import took 0.023027 seconds .

========================================================================
Received Import Request.
  Time since last request: 0.000323 seconds.
  path: Assets/ImportedNew/free-swamp-game-tileset-pixel-art/3 Objects/Pointers/8.png
  artifactKey: Guid(47dcc85a30f2f5840b920830fdec86ac) Importer(815301076,1909f56bfc062723c751e8b465ee728b)
Start importing Assets/ImportedNew/free-swamp-game-tileset-pixel-art/3 Objects/Pointers/8.png using Guid(47dcc85a30f2f5840b920830fdec86ac) Importer(815301076,1909f56bfc062723c751e8b465ee728b)  -> (artifact id: '480257305f16029882f6120668dd36fc') in 0.017037 seconds
  Import took 0.024465 seconds .

========================================================================
Received Import Request.
  Time since last request: 0.000239 seconds.
  path: Assets/ImportedNew/free-swamp-game-tileset-pixel-art/3 Objects/Pointers/4.png
  artifactKey: Guid(adb085ed5464efc4796b55519cedc08e) Importer(815301076,1909f56bfc062723c751e8b465ee728b)
Start importing Assets/ImportedNew/free-swamp-game-tileset-pixel-art/3 Objects/Pointers/4.png using Guid(adb085ed5464efc4796b55519cedc08e) Importer(815301076,1909f56bfc062723c751e8b465ee728b)  -> (artifact id: '593af5ae4271e054e9e91fbbb8869459') in 0.015480 seconds
  Import took 0.022218 seconds .

========================================================================
Received Import Request.
  Time since last request: 0.000219 seconds.
  path: Assets/ImportedNew/free-swamp-game-tileset-pixel-art/3 Objects/Pointers/5.png
  artifactKey: Guid(1987770544918c94f88b23a9eef03d1d) Importer(815301076,1909f56bfc062723c751e8b465ee728b)
Start importing Assets/ImportedNew/free-swamp-game-tileset-pixel-art/3 Objects/Pointers/5.png using Guid(1987770544918c94f88b23a9eef03d1d) Importer(815301076,1909f56bfc062723c751e8b465ee728b)  -> (artifact id: '365c6fa6e6c9992f0238252309001021') in 0.015135 seconds
  Import took 0.022029 seconds .

========================================================================
Received Import Request.
  Time since last request: 0.008554 seconds.
  path: Assets/ImportedNew/free-swamp-game-tileset-pixel-art/3 Objects/Pointers/5.png
  artifactKey: Guid(1987770544918c94f88b23a9eef03d1d) Importer(815301076,1909f56bfc062723c751e8b465ee728b)
Start importing Assets/ImportedNew/free-swamp-game-tileset-pixel-art/3 Objects/Pointers/5.png using Guid(1987770544918c94f88b23a9eef03d1d) Importer(815301076,1909f56bfc062723c751e8b465ee728b)  -> (artifact id: '365c6fa6e6c9992f0238252309001021') in 0.011024 seconds
  Import took 0.018578 seconds .

========================================================================
Received Import Request.
  Time since last request: 58.409605 seconds.
  path: Assets/ImportedNew/free-swamp-game-tileset-pixel-art/3 Objects/Willows/1.png
  artifactKey: Guid(3076b27e18d80744b866cd5975007b1e) Importer(815301076,1909f56bfc062723c751e8b465ee728b)
Start importing Assets/ImportedNew/free-swamp-game-tileset-pixel-art/3 Objects/Willows/1.png using Guid(3076b27e18d80744b866cd5975007b1e) Importer(815301076,1909f56bfc062723c751e8b465ee728b)  -> (artifact id: '2720f478ab112066d329ba98131b3716') in 0.021113 seconds
  Import took 0.028786 seconds .

========================================================================
Received Import Request.
  Time since last request: 0.000450 seconds.
  path: Assets/ImportedNew/free-swamp-game-tileset-pixel-art/3 Objects/Willows/3.png
  artifactKey: Guid(ab9ffc4773a36e2449fcf8408bef7a43) Importer(815301076,1909f56bfc062723c751e8b465ee728b)
Start importing Assets/ImportedNew/free-swamp-game-tileset-pixel-art/3 Objects/Willows/3.png using Guid(ab9ffc4773a36e2449fcf8408bef7a43) Importer(815301076,1909f56bfc062723c751e8b465ee728b)  -> (artifact id: '9184dee1542f12e7da07bac9bbe33f55') in 0.022677 seconds
  Import took 0.029609 seconds .

========================================================================
Received Import Request.
  Time since last request: 0.000256 seconds.
  path: Assets/ImportedNew/free-swamp-game-tileset-pixel-art/3 Objects/Willows/1.png
  artifactKey: Guid(3076b27e18d80744b866cd5975007b1e) Importer(815301076,1909f56bfc062723c751e8b465ee728b)
Start importing Assets/ImportedNew/free-swamp-game-tileset-pixel-art/3 Objects/Willows/1.png using Guid(3076b27e18d80744b866cd5975007b1e) Importer(815301076,1909f56bfc062723c751e8b465ee728b)  -> (artifact id: '2720f478ab112066d329ba98131b3716') in 0.011510 seconds
  Import took 0.017777 seconds .

========================================================================
Received Import Request.
  Time since last request: 0.000244 seconds.
  path: Assets/ImportedNew/free-swamp-game-tileset-pixel-art/3 Objects/Willows/2.png
  artifactKey: Guid(5b640a15c4eb1a64795242fa49dc0263) Importer(815301076,1909f56bfc062723c751e8b465ee728b)
Start importing Assets/ImportedNew/free-swamp-game-tileset-pixel-art/3 Objects/Willows/2.png using Guid(5b640a15c4eb1a64795242fa49dc0263) Importer(815301076,1909f56bfc062723c751e8b465ee728b)  -> (artifact id: '74ca4f114129dc4fd6f90c3a5fbdc4c8') in 0.019722 seconds
  Import took 0.027185 seconds .

========================================================================
Received Import Request.
  Time since last request: 110.250431 seconds.
  path: Assets/ImportedNew/free-swamp-game-tileset-pixel-art/3 Objects/Grass/1.png
  artifactKey: Guid(9f86f0c4f634d144892f2e4bc0762e42) Importer(815301076,1909f56bfc062723c751e8b465ee728b)
Start importing Assets/ImportedNew/free-swamp-game-tileset-pixel-art/3 Objects/Grass/1.png using Guid(9f86f0c4f634d144892f2e4bc0762e42) Importer(815301076,1909f56bfc062723c751e8b465ee728b)  -> (artifact id: 'dfd025b1cf47717074877f754b975f01') in 0.018441 seconds
  Import took 0.026761 seconds .

========================================================================
Received Import Request.
  Time since last request: 0.005818 seconds.
  path: Assets/ImportedNew/free-swamp-game-tileset-pixel-art/3 Objects/Grass/1.png
  artifactKey: Guid(9f86f0c4f634d144892f2e4bc0762e42) Importer(815301076,1909f56bfc062723c751e8b465ee728b)
Start importing Assets/ImportedNew/free-swamp-game-tileset-pixel-art/3 Objects/Grass/1.png using Guid(9f86f0c4f634d144892f2e4bc0762e42) Importer(815301076,1909f56bfc062723c751e8b465ee728b)  -> (artifact id: 'dfd025b1cf47717074877f754b975f01') in 0.012398 seconds
  Import took 0.018724 seconds .

========================================================================
Received Import Request.
  Time since last request: 0.000224 seconds.
  path: Assets/ImportedNew/free-swamp-game-tileset-pixel-art/3 Objects/Grass/2.png
  artifactKey: Guid(4499cedec7eda51409b1adf4c26ced4d) Importer(815301076,1909f56bfc062723c751e8b465ee728b)
Start importing Assets/ImportedNew/free-swamp-game-tileset-pixel-art/3 Objects/Grass/2.png using Guid(4499cedec7eda51409b1adf4c26ced4d) Importer(815301076,1909f56bfc062723c751e8b465ee728b)  -> (artifact id: 'c8e2ed3d6dbec9278a5a1465dcee8099') in 0.017016 seconds
  Import took 0.023109 seconds .

========================================================================
Received Import Request.
  Time since last request: 0.000216 seconds.
  path: Assets/ImportedNew/free-swamp-game-tileset-pixel-art/3 Objects/Grass/6.png
  artifactKey: Guid(7379072d1a8764a45bced8df4986fe89) Importer(815301076,1909f56bfc062723c751e8b465ee728b)
Start importing Assets/ImportedNew/free-swamp-game-tileset-pixel-art/3 Objects/Grass/6.png using Guid(7379072d1a8764a45bced8df4986fe89) Importer(815301076,1909f56bfc062723c751e8b465ee728b)  -> (artifact id: '966505b0168611bcae727131289b06ce') in 0.016151 seconds
  Import took 0.023941 seconds .

========================================================================
Received Import Request.
  Time since last request: 0.000253 seconds.
  path: Assets/ImportedNew/free-swamp-game-tileset-pixel-art/3 Objects/Grass/8.png
  artifactKey: Guid(3feb078d2a3812f4e8c2823f768dbbbd) Importer(815301076,1909f56bfc062723c751e8b465ee728b)
Start importing Assets/ImportedNew/free-swamp-game-tileset-pixel-art/3 Objects/Grass/8.png using Guid(3feb078d2a3812f4e8c2823f768dbbbd) Importer(815301076,1909f56bfc062723c751e8b465ee728b)  -> (artifact id: 'c07791f2774769edc0e83126ebc37c1e') in 0.016921 seconds
  Import took 0.023157 seconds .

========================================================================
Received Import Request.
  Time since last request: 0.000391 seconds.
  path: Assets/ImportedNew/free-swamp-game-tileset-pixel-art/3 Objects/Grass/2.png
  artifactKey: Guid(4499cedec7eda51409b1adf4c26ced4d) Importer(815301076,1909f56bfc062723c751e8b465ee728b)
Start importing Assets/ImportedNew/free-swamp-game-tileset-pixel-art/3 Objects/Grass/2.png using Guid(4499cedec7eda51409b1adf4c26ced4d) Importer(815301076,1909f56bfc062723c751e8b465ee728b)  -> (artifact id: 'c8e2ed3d6dbec9278a5a1465dcee8099') in 0.011488 seconds
  Import took 0.018790 seconds .

========================================================================
Received Import Request.
  Time since last request: 0.000228 seconds.
  path: Assets/ImportedNew/free-swamp-game-tileset-pixel-art/3 Objects/Grass/7.png
  artifactKey: Guid(ff9a1daab518c3348a216bdb18619aa0) Importer(815301076,1909f56bfc062723c751e8b465ee728b)
Start importing Assets/ImportedNew/free-swamp-game-tileset-pixel-art/3 Objects/Grass/7.png using Guid(ff9a1daab518c3348a216bdb18619aa0) Importer(815301076,1909f56bfc062723c751e8b465ee728b)  -> (artifact id: '883779584536cce6cfede00c96051e51') in 0.015363 seconds
  Import took 0.020656 seconds .

========================================================================
Received Import Request.
  Time since last request: 0.000228 seconds.
  path: Assets/ImportedNew/free-swamp-game-tileset-pixel-art/3 Objects/Grass/10.png
  artifactKey: Guid(5995f511f7544d945ac0a4d4c3f445c4) Importer(815301076,1909f56bfc062723c751e8b465ee728b)
Start importing Assets/ImportedNew/free-swamp-game-tileset-pixel-art/3 Objects/Grass/10.png using Guid(5995f511f7544d945ac0a4d4c3f445c4) Importer(815301076,1909f56bfc062723c751e8b465ee728b)  -> (artifact id: '9172cd0b3491e463b1ef32ba31690ecc') in 0.017806 seconds
  Import took 0.024805 seconds .

========================================================================
Received Import Request.
  Time since last request: 0.000276 seconds.
  path: Assets/ImportedNew/free-swamp-game-tileset-pixel-art/3 Objects/Grass/4.png
  artifactKey: Guid(538f4f9561f1a724b801801a6edb479b) Importer(815301076,1909f56bfc062723c751e8b465ee728b)
Start importing Assets/ImportedNew/free-swamp-game-tileset-pixel-art/3 Objects/Grass/4.png using Guid(538f4f9561f1a724b801801a6edb479b) Importer(815301076,1909f56bfc062723c751e8b465ee728b)  -> (artifact id: 'dd583dde748c8dc4aa6b6375dacad92a') in 0.016095 seconds
  Import took 0.022875 seconds .

========================================================================
Received Import Request.
  Time since last request: 0.000484 seconds.
  path: Assets/ImportedNew/free-swamp-game-tileset-pixel-art/3 Objects/Grass/5.png
  artifactKey: Guid(c7ffae1ce3e36eb49a42ebce3284a2c3) Importer(815301076,1909f56bfc062723c751e8b465ee728b)
Start importing Assets/ImportedNew/free-swamp-game-tileset-pixel-art/3 Objects/Grass/5.png using Guid(c7ffae1ce3e36eb49a42ebce3284a2c3) Importer(815301076,1909f56bfc062723c751e8b465ee728b)  -> (artifact id: '74cdc4b815f81919eae387c4d05f93e6') in 0.016204 seconds
  Import took 0.024481 seconds .

========================================================================
Received Import Request.
  Time since last request: 0.000274 seconds.
  path: Assets/ImportedNew/free-swamp-game-tileset-pixel-art/3 Objects/Grass/9.png
  artifactKey: Guid(04e2bd1f2aac8f24daaa752a51baef54) Importer(815301076,1909f56bfc062723c751e8b465ee728b)
Start importing Assets/ImportedNew/free-swamp-game-tileset-pixel-art/3 Objects/Grass/9.png using Guid(04e2bd1f2aac8f24daaa752a51baef54) Importer(815301076,1909f56bfc062723c751e8b465ee728b)  -> (artifact id: 'b95245698f9142e8c2dabc3e07ae44cb') in 0.017687 seconds
  Import took 0.029371 seconds .

========================================================================
Received Import Request.
  Time since last request: 0.000460 seconds.
  path: Assets/ImportedNew/free-swamp-game-tileset-pixel-art/3 Objects/Grass/3.png
  artifactKey: Guid(09a480225bf25124fb9e0f09c8c83e1e) Importer(815301076,1909f56bfc062723c751e8b465ee728b)
Start importing Assets/ImportedNew/free-swamp-game-tileset-pixel-art/3 Objects/Grass/3.png using Guid(09a480225bf25124fb9e0f09c8c83e1e) Importer(815301076,1909f56bfc062723c751e8b465ee728b)  -> (artifact id: '2d6754437514e8ed8940fea4dd47c248') in 0.015649 seconds
  Import took 0.023017 seconds .

========================================================================
Received Import Request.
  Time since last request: 291.227922 seconds.
  path: Assets/ImportedNew/free-swamp-game-tileset-pixel-art/3 Objects/Stones/1.png
  artifactKey: Guid(ef9888114bc4b114f975a8c3459225c4) Importer(815301076,1909f56bfc062723c751e8b465ee728b)
Start importing Assets/ImportedNew/free-swamp-game-tileset-pixel-art/3 Objects/Stones/1.png using Guid(ef9888114bc4b114f975a8c3459225c4) Importer(815301076,1909f56bfc062723c751e8b465ee728b)  -> (artifact id: '3530c8df2a49eabbb11675f301239eba') in 0.016744 seconds
  Import took 0.023113 seconds .

========================================================================
Received Import Request.
  Time since last request: 0.003686 seconds.
  path: Assets/ImportedNew/free-swamp-game-tileset-pixel-art/3 Objects/Stones/1.png
  artifactKey: Guid(ef9888114bc4b114f975a8c3459225c4) Importer(815301076,1909f56bfc062723c751e8b465ee728b)
Start importing Assets/ImportedNew/free-swamp-game-tileset-pixel-art/3 Objects/Stones/1.png using Guid(ef9888114bc4b114f975a8c3459225c4) Importer(815301076,1909f56bfc062723c751e8b465ee728b)  -> (artifact id: '3530c8df2a49eabbb11675f301239eba') in 0.010972 seconds
  Import took 0.016830 seconds .

========================================================================
Received Import Request.
  Time since last request: 0.000217 seconds.
  path: Assets/ImportedNew/free-swamp-game-tileset-pixel-art/3 Objects/Stones/4.png
  artifactKey: Guid(06df981e0624a694bab9058de1bf1538) Importer(815301076,1909f56bfc062723c751e8b465ee728b)
Start importing Assets/ImportedNew/free-swamp-game-tileset-pixel-art/3 Objects/Stones/4.png using Guid(06df981e0624a694bab9058de1bf1538) Importer(815301076,1909f56bfc062723c751e8b465ee728b)  -> (artifact id: 'cf77a2942016b451e32cea7cec101116') in 0.016419 seconds
  Import took 0.022353 seconds .

========================================================================
Received Import Request.
  Time since last request: 0.000211 seconds.
  path: Assets/ImportedNew/free-swamp-game-tileset-pixel-art/3 Objects/Stones/5.png
  artifactKey: Guid(2e57543fb26e94a4896dd05eca561423) Importer(815301076,1909f56bfc062723c751e8b465ee728b)
Start importing Assets/ImportedNew/free-swamp-game-tileset-pixel-art/3 Objects/Stones/5.png using Guid(2e57543fb26e94a4896dd05eca561423) Importer(815301076,1909f56bfc062723c751e8b465ee728b)  -> (artifact id: '271e7215e9f26f0a84adc1fa0627d871') in 0.015834 seconds
  Import took 0.023131 seconds .

========================================================================
Received Import Request.
  Time since last request: 0.000238 seconds.
  path: Assets/ImportedNew/free-swamp-game-tileset-pixel-art/3 Objects/Stones/3.png
  artifactKey: Guid(9908f515ffea0294b9114acd8d3bdf5d) Importer(815301076,1909f56bfc062723c751e8b465ee728b)
Start importing Assets/ImportedNew/free-swamp-game-tileset-pixel-art/3 Objects/Stones/3.png using Guid(9908f515ffea0294b9114acd8d3bdf5d) Importer(815301076,1909f56bfc062723c751e8b465ee728b)  -> (artifact id: '8f42cbfcfc5d54a501420dacb084e3a0') in 0.015368 seconds
  Import took 0.021777 seconds .

========================================================================
Received Import Request.
  Time since last request: 0.000235 seconds.
  path: Assets/ImportedNew/free-swamp-game-tileset-pixel-art/3 Objects/Stones/2.png
  artifactKey: Guid(364fb3bedc11eab418cf0f11d65428dc) Importer(815301076,1909f56bfc062723c751e8b465ee728b)
Start importing Assets/ImportedNew/free-swamp-game-tileset-pixel-art/3 Objects/Stones/2.png using Guid(364fb3bedc11eab418cf0f11d65428dc) Importer(815301076,1909f56bfc062723c751e8b465ee728b)  -> (artifact id: '7ae0f1610d52d7e2ae99db7eb5465855') in 0.016462 seconds
  Import took 0.022309 seconds .

========================================================================
Received Import Request.
  Time since last request: 0.024041 seconds.
  path: Assets/ImportedNew/free-swamp-game-tileset-pixel-art/3 Objects/Stones/3.png
  artifactKey: Guid(9908f515ffea0294b9114acd8d3bdf5d) Importer(815301076,1909f56bfc062723c751e8b465ee728b)
Start importing Assets/ImportedNew/free-swamp-game-tileset-pixel-art/3 Objects/Stones/3.png using Guid(9908f515ffea0294b9114acd8d3bdf5d) Importer(815301076,1909f56bfc062723c751e8b465ee728b)  -> (artifact id: '8f42cbfcfc5d54a501420dacb084e3a0') in 0.012145 seconds
  Import took 0.018595 seconds .

========================================================================
Received Prepare
Registering precompiled user dll's ...
Registered in 0.003614 seconds.
Begin MonoManager ReloadAssembly
Native extension for WindowsStandalone target not found
Refreshing native plugins compatible for Editor in 2.07 ms, found 0 plugins.
Preloading 0 native plugins for Editor in 0.00 ms.
Mono: successfully reloaded assembly
- Completed reload, in  2.630 seconds
Platform modules already initialized, skipping
Switching build target platform(5) subTarget(0) extendedPlatform(0) -> platform(13) subTarget(589824) extendedPlatform(0)
Shader 'Universal Render Pipeline/Particles/Lit': fallback shader 'Universal Render Pipeline/Particles/SimpleLit' not found
Refreshing native plugins compatible for Editor in 2.03 ms, found 0 plugins.
Preloading 0 native plugins for Editor in 0.00 ms.
Unloading 2959 Unused Serialized files (Serialized files now loaded: 0)
System memory in use before: 147.9 MB.
System memory in use after: 148.1 MB.

Unloading 19 unused Assets to reduce memory usage. Loaded Objects now: 3634.
Total: 7.457700 ms (FindLiveObjects: 0.972500 ms CreateObjectMapping: 0.304000 ms MarkObjects: 6.121300 ms  DeleteObjects: 0.056200 ms)

AssetImportParameters requested are different than current active one (requested -> active):
  custom:graphics/normal-map-encoding: 01000000000000000000000000000000 -> 02000000000000000000000000000000
========================================================================
Received Import Request.
  Time since last request: 400.503989 seconds.
  path: Assets/Prefabs/CannonTurtle.prefab
  artifactKey: Guid(469e1dca7a76e7943b9c727c2c6ba184) Importer(815301076,1909f56bfc062723c751e8b465ee728b)
Start importing Assets/Prefabs/CannonTurtle.prefab using Guid(469e1dca7a76e7943b9c727c2c6ba184) Importer(815301076,1909f56bfc062723c751e8b465ee728b)  -> (artifact id: 'c81788efebeaf6302d7a4f208bb088bb') in 0.558806 seconds
  Import took 0.574837 seconds .

========================================================================
Received Prepare
Registering precompiled user dll's ...
Registered in 0.003335 seconds.
Begin MonoManager ReloadAssembly
Native extension for WindowsStandalone target not found
Refreshing native plugins compatible for Editor in 3.55 ms, found 0 plugins.
Preloading 0 native plugins for Editor in 0.00 ms.
Mono: successfully reloaded assembly
- Completed reload, in  2.744 seconds
Platform modules already initialized, skipping
Switching build target platform(5) subTarget(0) extendedPlatform(0) -> platform(13) subTarget(589824) extendedPlatform(0)
Shader 'Universal Render Pipeline/Particles/Lit': fallback shader 'Universal Render Pipeline/Particles/SimpleLit' not found
Refreshing native plugins compatible for Editor in 3.50 ms, found 0 plugins.
Preloading 0 native plugins for Editor in 0.00 ms.
Unloading 2959 Unused Serialized files (Serialized files now loaded: 0)
System memory in use before: 150.1 MB.
System memory in use after: 150.4 MB.

Unloading 19 unused Assets to reduce memory usage. Loaded Objects now: 3680.
Total: 6.454000 ms (FindLiveObjects: 0.896100 ms CreateObjectMapping: 0.306300 ms MarkObjects: 5.185400 ms  DeleteObjects: 0.063300 ms)

AssetImportParameters requested are different than current active one (requested -> active):
  custom:graphics/normal-map-encoding: 01000000000000000000000000000000 -> 02000000000000000000000000000000
========================================================================
Received Import Request.
  Time since last request: 42.681335 seconds.
  path: Assets/Prefabs/Ario.prefab
  artifactKey: Guid(3ab988266e8efd440a2c391a86b0ac0a) Importer(815301076,1909f56bfc062723c751e8b465ee728b)
Start importing Assets/Prefabs/Ario.prefab using Guid(3ab988266e8efd440a2c391a86b0ac0a) Importer(815301076,1909f56bfc062723c751e8b465ee728b)  -> (artifact id: 'aeb287b50423c8e82806f653d71150df') in 0.490327 seconds
  Import took 0.511043 seconds .

========================================================================
Received Prepare
Registering precompiled user dll's ...
Registered in 0.003233 seconds.
Begin MonoManager ReloadAssembly
Native extension for WindowsStandalone target not found
Refreshing native plugins compatible for Editor in 3.17 ms, found 0 plugins.
Preloading 0 native plugins for Editor in 0.00 ms.
Mono: successfully reloaded assembly
- Completed reload, in  2.567 seconds
Platform modules already initialized, skipping
Switching build target platform(5) subTarget(0) extendedPlatform(0) -> platform(13) subTarget(589824) extendedPlatform(0)
Shader 'Universal Render Pipeline/Particles/Lit': fallback shader 'Universal Render Pipeline/Particles/SimpleLit' not found
Refreshing native plugins compatible for Editor in 2.07 ms, found 0 plugins.
Preloading 0 native plugins for Editor in 0.00 ms.
Unloading 2959 Unused Serialized files (Serialized files now loaded: 0)
System memory in use before: 150.3 MB.
System memory in use after: 150.5 MB.

Unloading 19 unused Assets to reduce memory usage. Loaded Objects now: 3719.
Total: 8.055800 ms (FindLiveObjects: 1.388400 ms CreateObjectMapping: 0.445000 ms MarkObjects: 6.130800 ms  DeleteObjects: 0.087100 ms)

AssetImportParameters requested are different than current active one (requested -> active):
  custom:graphics/normal-map-encoding: 01000000000000000000000000000000 -> 02000000000000000000000000000000
========================================================================
Received Import Request.
  Time since last request: 31.368032 seconds.
  path: Assets/Prefabs/CannonTurtle.prefab
  artifactKey: Guid(469e1dca7a76e7943b9c727c2c6ba184) Importer(815301076,1909f56bfc062723c751e8b465ee728b)
Start importing Assets/Prefabs/CannonTurtle.prefab using Guid(469e1dca7a76e7943b9c727c2c6ba184) Importer(815301076,1909f56bfc062723c751e8b465ee728b)  -> (artifact id: 'ecb14ab5a808337b6c498407becb9239') in 0.461850 seconds
  Import took 0.476090 seconds .

========================================================================
Received Import Request.
  Time since last request: 8.358237 seconds.
  path: Assets/Prefabs/Ario.prefab
  artifactKey: Guid(3ab988266e8efd440a2c391a86b0ac0a) Importer(815301076,1909f56bfc062723c751e8b465ee728b)
Start importing Assets/Prefabs/Ario.prefab using Guid(3ab988266e8efd440a2c391a86b0ac0a) Importer(815301076,1909f56bfc062723c751e8b465ee728b)  -> (artifact id: '591a16c86f1c0087556fc330f58c2cfe') in 0.036839 seconds
  Import took 0.051867 seconds .

========================================================================
Received Import Request.
  Time since last request: 0.129562 seconds.
  path: Assets/Prefabs/Ario.prefab
  artifactKey: Guid(3ab988266e8efd440a2c391a86b0ac0a) Importer(815301076,1909f56bfc062723c751e8b465ee728b)
Start importing Assets/Prefabs/Ario.prefab using Guid(3ab988266e8efd440a2c391a86b0ac0a) Importer(815301076,1909f56bfc062723c751e8b465ee728b)  -> (artifact id: '591a16c86f1c0087556fc330f58c2cfe') in 0.039772 seconds
  Import took 0.057864 seconds .

========================================================================
Received Import Request.
  Time since last request: 10.591560 seconds.
  path: Assets/Prefabs/Ario.prefab
  artifactKey: Guid(3ab988266e8efd440a2c391a86b0ac0a) Importer(815301076,1909f56bfc062723c751e8b465ee728b)
Start importing Assets/Prefabs/Ario.prefab using Guid(3ab988266e8efd440a2c391a86b0ac0a) Importer(815301076,1909f56bfc062723c751e8b465ee728b)  -> (artifact id: '946b3a32a9d3b36eca76e26dc33a3c61') in 0.048877 seconds
  Import took 0.062520 seconds .

========================================================================
Received Import Request.
  Time since last request: 0.060238 seconds.
  path: Assets/Prefabs/Ario.prefab
  artifactKey: Guid(3ab988266e8efd440a2c391a86b0ac0a) Importer(815301076,1909f56bfc062723c751e8b465ee728b)
Start importing Assets/Prefabs/Ario.prefab using Guid(3ab988266e8efd440a2c391a86b0ac0a) Importer(815301076,1909f56bfc062723c751e8b465ee728b)  -> (artifact id: '946b3a32a9d3b36eca76e26dc33a3c61') in 0.043177 seconds
  Import took 0.059879 seconds .

========================================================================
Received Import Request.
  Time since last request: 8.771233 seconds.
  path: Assets/Prefabs/Ario.prefab
  artifactKey: Guid(3ab988266e8efd440a2c391a86b0ac0a) Importer(815301076,1909f56bfc062723c751e8b465ee728b)
Start importing Assets/Prefabs/Ario.prefab using Guid(3ab988266e8efd440a2c391a86b0ac0a) Importer(815301076,1909f56bfc062723c751e8b465ee728b)  -> (artifact id: 'f87011208132a4c784e900fbbbd8bb86') in 0.030844 seconds
  Import took 0.046224 seconds .

========================================================================
Received Prepare
Registering precompiled user dll's ...
Registered in 0.004003 seconds.
Begin MonoManager ReloadAssembly
Native extension for WindowsStandalone target not found
Refreshing native plugins compatible for Editor in 1.94 ms, found 0 plugins.
Preloading 0 native plugins for Editor in 0.00 ms.
Mono: successfully reloaded assembly
- Completed reload, in  2.466 seconds
Platform modules already initialized, skipping
Switching build target platform(5) subTarget(0) extendedPlatform(0) -> platform(13) subTarget(589824) extendedPlatform(0)
Shader 'Universal Render Pipeline/Particles/Lit': fallback shader 'Universal Render Pipeline/Particles/SimpleLit' not found
Refreshing native plugins compatible for Editor in 2.18 ms, found 0 plugins.
Preloading 0 native plugins for Editor in 0.00 ms.
Unloading 2959 Unused Serialized files (Serialized files now loaded: 0)
System memory in use before: 150.4 MB.
System memory in use after: 150.7 MB.

Unloading 19 unused Assets to reduce memory usage. Loaded Objects now: 3758.
Total: 12.108700 ms (FindLiveObjects: 1.136500 ms CreateObjectMapping: 0.582800 ms MarkObjects: 10.312900 ms  DeleteObjects: 0.071800 ms)

AssetImportParameters requested are different than current active one (requested -> active):
  custom:graphics/normal-map-encoding: 01000000000000000000000000000000 -> 02000000000000000000000000000000
========================================================================
Received Prepare
Shader 'Universal Render Pipeline/Particles/Lit': fallback shader 'Universal Render Pipeline/Particles/SimpleLit' not found
Refreshing native plugins compatible for Editor in 8.49 ms, found 0 plugins.
Preloading 0 native plugins for Editor in 0.00 ms.
Unloading 17 Unused Serialized files (Serialized files now loaded: 0)
System memory in use before: 93.0 MB.
System memory in use after: 93.2 MB.

Unloading 16 unused Assets to reduce memory usage. Loaded Objects now: 3758.
Total: 6.522000 ms (FindLiveObjects: 0.875100 ms CreateObjectMapping: 0.221400 ms MarkObjects: 5.371100 ms  DeleteObjects: 0.050900 ms)

========================================================================
Received Prepare
Shader 'Universal Render Pipeline/Particles/Lit': fallback shader 'Universal Render Pipeline/Particles/SimpleLit' not found
Refreshing native plugins compatible for Editor in 10.73 ms, found 0 plugins.
Preloading 0 native plugins for Editor in 0.00 ms.
Unloading 17 Unused Serialized files (Serialized files now loaded: 0)
System memory in use before: 93.0 MB.
System memory in use after: 93.2 MB.

Unloading 16 unused Assets to reduce memory usage. Loaded Objects now: 3758.
Total: 8.981600 ms (FindLiveObjects: 0.960300 ms CreateObjectMapping: 0.176200 ms MarkObjects: 7.759900 ms  DeleteObjects: 0.081400 ms)

========================================================================
Received Prepare
Registering precompiled user dll's ...
Registered in 0.004337 seconds.
Begin MonoManager ReloadAssembly
Native extension for WindowsStandalone target not found
Refreshing native plugins compatible for Editor in 4.72 ms, found 0 plugins.
Preloading 0 native plugins for Editor in 0.00 ms.
Mono: successfully reloaded assembly
- Completed reload, in  2.638 seconds
Platform modules already initialized, skipping
Switching build target platform(5) subTarget(0) extendedPlatform(0) -> platform(13) subTarget(589824) extendedPlatform(0)
Shader 'Universal Render Pipeline/Particles/Lit': fallback shader 'Universal Render Pipeline/Particles/SimpleLit' not found
Refreshing native plugins compatible for Editor in 2.15 ms, found 0 plugins.
Preloading 0 native plugins for Editor in 0.00 ms.
Unloading 2959 Unused Serialized files (Serialized files now loaded: 0)
System memory in use before: 150.5 MB.
System memory in use after: 150.7 MB.

Unloading 19 unused Assets to reduce memory usage. Loaded Objects now: 3761.
Total: 9.056800 ms (FindLiveObjects: 1.156000 ms CreateObjectMapping: 0.495200 ms MarkObjects: 7.326000 ms  DeleteObjects: 0.076200 ms)

AssetImportParameters requested are different than current active one (requested -> active):
  custom:graphics/normal-map-encoding: 01000000000000000000000000000000 -> 02000000000000000000000000000000
========================================================================
Received Prepare
Registering precompiled user dll's ...
Registered in 0.003854 seconds.
Begin MonoManager ReloadAssembly
Native extension for WindowsStandalone target not found
Refreshing native plugins compatible for Editor in 2.01 ms, found 0 plugins.
Preloading 0 native plugins for Editor in 0.00 ms.
Mono: successfully reloaded assembly
- Completed reload, in  2.606 seconds
Platform modules already initialized, skipping
Switching build target platform(5) subTarget(0) extendedPlatform(0) -> platform(13) subTarget(589824) extendedPlatform(0)
Shader 'Universal Render Pipeline/Particles/Lit': fallback shader 'Universal Render Pipeline/Particles/SimpleLit' not found
Refreshing native plugins compatible for Editor in 2.02 ms, found 0 plugins.
Preloading 0 native plugins for Editor in 0.00 ms.
Unloading 2959 Unused Serialized files (Serialized files now loaded: 0)
System memory in use before: 150.5 MB.
System memory in use after: 150.7 MB.

Unloading 19 unused Assets to reduce memory usage. Loaded Objects now: 3764.
Total: 7.829000 ms (FindLiveObjects: 0.999800 ms CreateObjectMapping: 0.442200 ms MarkObjects: 6.330700 ms  DeleteObjects: 0.053000 ms)

AssetImportParameters requested are different than current active one (requested -> active):
  custom:graphics/normal-map-encoding: 01000000000000000000000000000000 -> 02000000000000000000000000000000
========================================================================
Received Prepare
Shader 'Universal Render Pipeline/Particles/Lit': fallback shader 'Universal Render Pipeline/Particles/SimpleLit' not found
Refreshing native plugins compatible for Editor in 9.33 ms, found 0 plugins.
Preloading 0 native plugins for Editor in 0.00 ms.
Unloading 17 Unused Serialized files (Serialized files now loaded: 0)
System memory in use before: 93.0 MB.
System memory in use after: 93.2 MB.

Unloading 16 unused Assets to reduce memory usage. Loaded Objects now: 3764.
Total: 8.743100 ms (FindLiveObjects: 0.965800 ms CreateObjectMapping: 0.296500 ms MarkObjects: 7.430600 ms  DeleteObjects: 0.047700 ms)

========================================================================
Received Prepare
Registering precompiled user dll's ...
Registered in 0.003648 seconds.
Begin MonoManager ReloadAssembly
Native extension for WindowsStandalone target not found
Refreshing native plugins compatible for Editor in 2.52 ms, found 0 plugins.
Preloading 0 native plugins for Editor in 0.00 ms.
Mono: successfully reloaded assembly
- Completed reload, in  2.952 seconds
Platform modules already initialized, skipping
Switching build target platform(5) subTarget(0) extendedPlatform(0) -> platform(13) subTarget(589824) extendedPlatform(0)
Shader 'Universal Render Pipeline/Particles/Lit': fallback shader 'Universal Render Pipeline/Particles/SimpleLit' not found
Refreshing native plugins compatible for Editor in 1.93 ms, found 0 plugins.
Preloading 0 native plugins for Editor in 0.00 ms.
Unloading 2959 Unused Serialized files (Serialized files now loaded: 0)
System memory in use before: 150.5 MB.
System memory in use after: 150.7 MB.

Unloading 19 unused Assets to reduce memory usage. Loaded Objects now: 3767.
Total: 6.349300 ms (FindLiveObjects: 0.900500 ms CreateObjectMapping: 0.195600 ms MarkObjects: 5.191300 ms  DeleteObjects: 0.058200 ms)

AssetImportParameters requested are different than current active one (requested -> active):
  custom:graphics/normal-map-encoding: 01000000000000000000000000000000 -> 02000000000000000000000000000000
========================================================================
Received Prepare
Shader 'Universal Render Pipeline/Particles/Lit': fallback shader 'Universal Render Pipeline/Particles/SimpleLit' not found
Refreshing native plugins compatible for Editor in 13.07 ms, found 0 plugins.
Preloading 0 native plugins for Editor in 0.00 ms.
Unloading 17 Unused Serialized files (Serialized files now loaded: 0)
System memory in use before: 93.0 MB.
System memory in use after: 93.2 MB.

Unloading 16 unused Assets to reduce memory usage. Loaded Objects now: 3767.
Total: 6.943000 ms (FindLiveObjects: 0.718000 ms CreateObjectMapping: 0.382300 ms MarkObjects: 5.794400 ms  DeleteObjects: 0.045200 ms)

========================================================================
Received Prepare
Registering precompiled user dll's ...
Registered in 0.003345 seconds.
Begin MonoManager ReloadAssembly
Native extension for WindowsStandalone target not found
Refreshing native plugins compatible for Editor in 2.93 ms, found 0 plugins.
Preloading 0 native plugins for Editor in 0.00 ms.
Mono: successfully reloaded assembly
- Completed reload, in  3.289 seconds
Platform modules already initialized, skipping
Switching build target platform(5) subTarget(0) extendedPlatform(0) -> platform(13) subTarget(589824) extendedPlatform(0)
Shader 'Universal Render Pipeline/Particles/Lit': fallback shader 'Universal Render Pipeline/Particles/SimpleLit' not found
Refreshing native plugins compatible for Editor in 1.99 ms, found 0 plugins.
Preloading 0 native plugins for Editor in 0.00 ms.
Unloading 2959 Unused Serialized files (Serialized files now loaded: 0)
System memory in use before: 150.5 MB.
System memory in use after: 150.7 MB.

Unloading 19 unused Assets to reduce memory usage. Loaded Objects now: 3770.
Total: 6.452500 ms (FindLiveObjects: 0.823300 ms CreateObjectMapping: 0.143200 ms MarkObjects: 5.421700 ms  DeleteObjects: 0.060600 ms)

AssetImportParameters requested are different than current active one (requested -> active):
  custom:graphics/normal-map-encoding: 01000000000000000000000000000000 -> 02000000000000000000000000000000
========================================================================
Received Prepare
Registering precompiled user dll's ...
Registered in 0.003704 seconds.
Begin MonoManager ReloadAssembly
Native extension for WindowsStandalone target not found
Refreshing native plugins compatible for Editor in 2.03 ms, found 0 plugins.
Preloading 0 native plugins for Editor in 0.00 ms.
Mono: successfully reloaded assembly
- Completed reload, in  2.796 seconds
Platform modules already initialized, skipping
Switching build target platform(5) subTarget(0) extendedPlatform(0) -> platform(13) subTarget(589824) extendedPlatform(0)
Shader 'Universal Render Pipeline/Particles/Lit': fallback shader 'Universal Render Pipeline/Particles/SimpleLit' not found
Refreshing native plugins compatible for Editor in 2.00 ms, found 0 plugins.
Preloading 0 native plugins for Editor in 0.00 ms.
Unloading 2959 Unused Serialized files (Serialized files now loaded: 0)
System memory in use before: 150.5 MB.
System memory in use after: 150.7 MB.

Unloading 19 unused Assets to reduce memory usage. Loaded Objects now: 3773.
Total: 7.340900 ms (FindLiveObjects: 0.723500 ms CreateObjectMapping: 0.210600 ms MarkObjects: 6.350000 ms  DeleteObjects: 0.052600 ms)

AssetImportParameters requested are different than current active one (requested -> active):
  custom:graphics/normal-map-encoding: 01000000000000000000000000000000 -> 02000000000000000000000000000000
========================================================================
Received Prepare
Registering precompiled user dll's ...
Registered in 0.003625 seconds.
Begin MonoManager ReloadAssembly
Native extension for WindowsStandalone target not found
Refreshing native plugins compatible for Editor in 2.77 ms, found 0 plugins.
Preloading 0 native plugins for Editor in 0.00 ms.
Mono: successfully reloaded assembly
- Completed reload, in  2.641 seconds
Platform modules already initialized, skipping
Switching build target platform(5) subTarget(0) extendedPlatform(0) -> platform(13) subTarget(589824) extendedPlatform(0)
Shader 'Universal Render Pipeline/Particles/Lit': fallback shader 'Universal Render Pipeline/Particles/SimpleLit' not found
Refreshing native plugins compatible for Editor in 1.93 ms, found 0 plugins.
Preloading 0 native plugins for Editor in 0.00 ms.
Unloading 2959 Unused Serialized files (Serialized files now loaded: 0)
System memory in use before: 150.5 MB.
System memory in use after: 150.7 MB.

Unloading 19 unused Assets to reduce memory usage. Loaded Objects now: 3776.
Total: 8.680700 ms (FindLiveObjects: 0.787900 ms CreateObjectMapping: 0.201200 ms MarkObjects: 7.633500 ms  DeleteObjects: 0.054500 ms)

AssetImportParameters requested are different than current active one (requested -> active):
  custom:graphics/normal-map-encoding: 01000000000000000000000000000000 -> 02000000000000000000000000000000
========================================================================
Received Prepare
Shader 'Universal Render Pipeline/Particles/Lit': fallback shader 'Universal Render Pipeline/Particles/SimpleLit' not found
Refreshing native plugins compatible for Editor in 8.52 ms, found 0 plugins.
Preloading 0 native plugins for Editor in 0.00 ms.
Unloading 17 Unused Serialized files (Serialized files now loaded: 0)
System memory in use before: 93.0 MB.
System memory in use after: 93.3 MB.

Unloading 16 unused Assets to reduce memory usage. Loaded Objects now: 3776.
Total: 9.805000 ms (FindLiveObjects: 0.944000 ms CreateObjectMapping: 0.707700 ms MarkObjects: 8.078300 ms  DeleteObjects: 0.070600 ms)

AssetImportWorkerClient::OnTransportError - code=2 error=End of file
