Using pre-set license
Built from '2020.3/staging' branch; Version is '2020.3.8f1 (507919d4fff5) revision 5273881'; Using compiler version '192528614'; Build Type 'Release'
OS: 'Windows 10 Pro; OS build 19041.1052; Version 2004; 64bit' Language: 'en' Physical Memory: 7997 MB
BatchMode: 1, IsHumanControllingUs: 0, StartBugReporterOnCrash: 0, Is64bit: 1, IsPro: 0

 COMMAND LINE ARGUMENTS:
E:\Unity_Editor\2020.3.8f1\Editor\Unity.exe
-adb2
-batchMode
-noUpm
-name
AssetImportWorker1
-projectPath
E:/u_projects/uni_platformer/My_University_Project
-logFile
Logs/AssetImportWorker1.log
-srvPort
10863
Successfully changed project path to: E:/u_projects/uni_platformer/My_University_Project
E:/u_projects/uni_platformer/My_University_Project
Using Asset Import Pipeline V2.
Refreshing native plugins compatible for Editor in 111.88 ms, found 0 plugins.
Preloading 0 native plugins for Editor in 0.00 ms.
Initialize engine version: 2020.3.8f1 (507919d4fff5)
[Subsystems] Discovering subsystems at path E:/Unity_Editor/2020.3.8f1/Editor/Data/Resources/UnitySubsystems
[Subsystems] Discovering subsystems at path E:/u_projects/uni_platformer/My_University_Project/Assets
GfxDevice: creating device client; threaded=0
Direct3D:
    Version:  Direct3D 11.0 [level 11.1]
    Renderer: NVIDIA GeForce GTX 1650 (ID=0x1f91)
    Vendor:   
    VRAM:     3962 MB
    Driver:   27.21.14.5751
Shader 'Universal Render Pipeline/Particles/Lit': fallback shader 'Universal Render Pipeline/Particles/SimpleLit' not found
Initialize mono
Mono path[0] = 'E:/Unity_Editor/2020.3.8f1/Editor/Data/Managed'
Mono path[1] = 'E:/Unity_Editor/2020.3.8f1/Editor/Data/MonoBleedingEdge/lib/mono/unityjit'
Mono config path = 'E:/Unity_Editor/2020.3.8f1/Editor/Data/MonoBleedingEdge/etc'
Using monoOptions --debugger-agent=transport=dt_socket,embedding=1,server=y,suspend=n,address=127.0.0.1:56224
Begin MonoManager ReloadAssembly
Registering precompiled unity dll's ...
Register platform support module: E:/Unity_Editor/2020.3.8f1/Editor/Data/PlaybackEngines/WindowsStandaloneSupport/UnityEditor.WindowsStandalone.Extensions.dll
Registered in 0.001345 seconds.
Native extension for WindowsStandalone target not found
Refreshing native plugins compatible for Editor in 105.86 ms, found 0 plugins.
Preloading 0 native plugins for Editor in 0.00 ms.
Mono: successfully reloaded assembly
- Completed reload, in  2.048 seconds
Platform modules already initialized, skipping
Registering precompiled user dll's ...
Registered in 0.001814 seconds.
Begin MonoManager ReloadAssembly
Native extension for WindowsStandalone target not found
Refreshing native plugins compatible for Editor in 108.53 ms, found 0 plugins.
Preloading 0 native plugins for Editor in 0.00 ms.
Mono: successfully reloaded assembly
- Completed reload, in  1.397 seconds
Platform modules already initialized, skipping
========================================================================
Worker process is ready to serve import requests
Shader 'Universal Render Pipeline/Particles/Lit': fallback shader 'Universal Render Pipeline/Particles/SimpleLit' not found
Launched and connected shader compiler UnityShaderCompiler.exe after 0.12 seconds
Refreshing native plugins compatible for Editor in 1.58 ms, found 0 plugins.
Preloading 0 native plugins for Editor in 0.00 ms.
Unloading 3229 Unused Serialized files (Serialized files now loaded: 0)
System memory in use before: 146.0 MB.
System memory in use after: 146.2 MB.

Unloading 27 unused Assets to reduce memory usage. Loaded Objects now: 3674.
Total: 4.040500 ms (FindLiveObjects: 0.649400 ms CreateObjectMapping: 0.194000 ms MarkObjects: 3.149200 ms  DeleteObjects: 0.043100 ms)

========================================================================
Received Import Request.
  path: Assets/Prefabs/RollerEnemy.prefab
  artifactKey: Guid(77d740a2d2e17b54dabdcfd998b7b61b) Importer(815301076,1909f56bfc062723c751e8b465ee728b)
Start importing Assets/Prefabs/RollerEnemy.prefab using Guid(77d740a2d2e17b54dabdcfd998b7b61b) Importer(815301076,1909f56bfc062723c751e8b465ee728b)  -> (artifact id: '17ba154b0a77c462924e59d9eb3ff760') in 0.206444 seconds
  Import took 0.214553 seconds .

========================================================================
Received Prepare
Registering precompiled user dll's ...
Registered in 0.002035 seconds.
Begin MonoManager ReloadAssembly
Native extension for WindowsStandalone target not found
Refreshing native plugins compatible for Editor in 1.21 ms, found 0 plugins.
Preloading 0 native plugins for Editor in 0.00 ms.
Mono: successfully reloaded assembly
- Completed reload, in  1.294 seconds
Platform modules already initialized, skipping
Switching build target platform(5) subTarget(0) extendedPlatform(0) -> platform(13) subTarget(589824) extendedPlatform(0)
Shader 'Universal Render Pipeline/Particles/Lit': fallback shader 'Universal Render Pipeline/Particles/SimpleLit' not found
Refreshing native plugins compatible for Editor in 1.11 ms, found 0 plugins.
Preloading 0 native plugins for Editor in 0.00 ms.
Unloading 3120 Unused Serialized files (Serialized files now loaded: 0)
System memory in use before: 138.4 MB.
System memory in use after: 138.6 MB.

Unloading 19 unused Assets to reduce memory usage. Loaded Objects now: 3684.
Total: 2.910900 ms (FindLiveObjects: 0.379400 ms CreateObjectMapping: 0.089200 ms MarkObjects: 2.416900 ms  DeleteObjects: 0.023400 ms)

AssetImportParameters requested are different than current active one (requested -> active):
  custom:graphics/normal-map-encoding: 01000000000000000000000000000000 -> 02000000000000000000000000000000
========================================================================
Received Import Request.
  Time since last request: 174.714245 seconds.
  path: Assets/Prefabs/Ario.prefab
  artifactKey: Guid(3ab988266e8efd440a2c391a86b0ac0a) Importer(815301076,1909f56bfc062723c751e8b465ee728b)
Start importing Assets/Prefabs/Ario.prefab using Guid(3ab988266e8efd440a2c391a86b0ac0a) Importer(815301076,1909f56bfc062723c751e8b465ee728b)  -> (artifact id: '2acf8e24b320d62f3cc7d5edd63d68ca') in 0.177262 seconds
  Import took 0.184691 seconds .

========================================================================
Received Import Request.
  Time since last request: 234.158369 seconds.
  path: Assets/Prefabs/RollerEnemy.prefab
  artifactKey: Guid(77d740a2d2e17b54dabdcfd998b7b61b) Importer(815301076,1909f56bfc062723c751e8b465ee728b)
Start importing Assets/Prefabs/RollerEnemy.prefab using Guid(77d740a2d2e17b54dabdcfd998b7b61b) Importer(815301076,1909f56bfc062723c751e8b465ee728b)  -> (artifact id: '5691f6c5a649cb407613192992585cb5') in 0.018799 seconds
  Import took 0.027067 seconds .

========================================================================
Received Prepare
Registering precompiled user dll's ...
Registered in 0.002015 seconds.
Begin MonoManager ReloadAssembly
Native extension for WindowsStandalone target not found
Refreshing native plugins compatible for Editor in 1.03 ms, found 0 plugins.
Preloading 0 native plugins for Editor in 0.00 ms.
Mono: successfully reloaded assembly
- Completed reload, in  1.248 seconds
Platform modules already initialized, skipping
Switching build target platform(5) subTarget(0) extendedPlatform(0) -> platform(13) subTarget(589824) extendedPlatform(0)
Shader 'Universal Render Pipeline/Particles/Lit': fallback shader 'Universal Render Pipeline/Particles/SimpleLit' not found
Refreshing native plugins compatible for Editor in 1.03 ms, found 0 plugins.
Preloading 0 native plugins for Editor in 0.00 ms.
Unloading 3120 Unused Serialized files (Serialized files now loaded: 0)
System memory in use before: 138.5 MB.
System memory in use after: 138.7 MB.

Unloading 19 unused Assets to reduce memory usage. Loaded Objects now: 3688.
Total: 3.239700 ms (FindLiveObjects: 0.420800 ms CreateObjectMapping: 0.121800 ms MarkObjects: 2.667600 ms  DeleteObjects: 0.027600 ms)

AssetImportParameters requested are different than current active one (requested -> active):
  custom:graphics/normal-map-encoding: 01000000000000000000000000000000 -> 02000000000000000000000000000000
========================================================================
Received Import Request.
  Time since last request: 163.561547 seconds.
  path: Assets/Scripts/Enemy/Bat/DetectPlayerRay.cs
  artifactKey: Guid(f71ab104c6debb8428baa1c26f52b293) Importer(815301076,1909f56bfc062723c751e8b465ee728b)
Start importing Assets/Scripts/Enemy/Bat/DetectPlayerRay.cs using Guid(f71ab104c6debb8428baa1c26f52b293) Importer(815301076,1909f56bfc062723c751e8b465ee728b)  -> (artifact id: '538c7f96093e53b18eb4cf2d40a6b1a1') in 0.026308 seconds
  Import took 0.035163 seconds .

========================================================================
Received Import Request.
  Time since last request: 12.156291 seconds.
  path: Assets/Scripts/Enemy/Bat/Bat.cs
  artifactKey: Guid(f71ab104c6debb8428baa1c26f52b293) Importer(815301076,1909f56bfc062723c751e8b465ee728b)
Start importing Assets/Scripts/Enemy/Bat/Bat.cs using Guid(f71ab104c6debb8428baa1c26f52b293) Importer(815301076,1909f56bfc062723c751e8b465ee728b)  -> (artifact id: '0cad6f34f2dfa7cac82474160aae787a') in 0.010869 seconds
  Import took 0.018666 seconds .

========================================================================
Received Prepare
Registering precompiled user dll's ...
Registered in 0.001770 seconds.
Begin MonoManager ReloadAssembly
Native extension for WindowsStandalone target not found
Refreshing native plugins compatible for Editor in 1.02 ms, found 0 plugins.
Preloading 0 native plugins for Editor in 0.00 ms.
Mono: successfully reloaded assembly
- Completed reload, in  1.317 seconds
Platform modules already initialized, skipping
Switching build target platform(5) subTarget(0) extendedPlatform(0) -> platform(13) subTarget(589824) extendedPlatform(0)
Shader 'Universal Render Pipeline/Particles/Lit': fallback shader 'Universal Render Pipeline/Particles/SimpleLit' not found
Refreshing native plugins compatible for Editor in 1.23 ms, found 0 plugins.
Preloading 0 native plugins for Editor in 0.00 ms.
Unloading 3120 Unused Serialized files (Serialized files now loaded: 0)
System memory in use before: 138.5 MB.
System memory in use after: 138.8 MB.

Unloading 19 unused Assets to reduce memory usage. Loaded Objects now: 3691.
Total: 3.608100 ms (FindLiveObjects: 0.414600 ms CreateObjectMapping: 0.120500 ms MarkObjects: 3.041300 ms  DeleteObjects: 0.029400 ms)

AssetImportParameters requested are different than current active one (requested -> active):
  custom:graphics/normal-map-encoding: 01000000000000000000000000000000 -> 02000000000000000000000000000000
========================================================================
Received Import Request.
  Time since last request: 147.070729 seconds.
  path: Assets/Scripts/Enemy/Bat/Bat.cs
  artifactKey: Guid(f71ab104c6debb8428baa1c26f52b293) Importer(815301076,1909f56bfc062723c751e8b465ee728b)
Start importing Assets/Scripts/Enemy/Bat/Bat.cs using Guid(f71ab104c6debb8428baa1c26f52b293) Importer(815301076,1909f56bfc062723c751e8b465ee728b)  -> (artifact id: '7a40b73137ab9d032528f0aa5539aa79') in 0.011430 seconds
  Import took 0.020863 seconds .

========================================================================
Received Import Request.
  Time since last request: 0.003170 seconds.
  path: Assets/Scripts/Enemy/Bat/Bat.cs
  artifactKey: Guid(f71ab104c6debb8428baa1c26f52b293) Importer(815301076,1909f56bfc062723c751e8b465ee728b)
Start importing Assets/Scripts/Enemy/Bat/Bat.cs using Guid(f71ab104c6debb8428baa1c26f52b293) Importer(815301076,1909f56bfc062723c751e8b465ee728b)  -> (artifact id: '7a40b73137ab9d032528f0aa5539aa79') in 0.004431 seconds
  Import took 0.010913 seconds .

========================================================================
Received Prepare
Registering precompiled user dll's ...
Registered in 0.001854 seconds.
Begin MonoManager ReloadAssembly
Native extension for WindowsStandalone target not found
Refreshing native plugins compatible for Editor in 1.46 ms, found 0 plugins.
Preloading 0 native plugins for Editor in 0.00 ms.
Mono: successfully reloaded assembly
- Completed reload, in  1.238 seconds
Platform modules already initialized, skipping
Switching build target platform(5) subTarget(0) extendedPlatform(0) -> platform(13) subTarget(589824) extendedPlatform(0)
Shader 'Universal Render Pipeline/Particles/Lit': fallback shader 'Universal Render Pipeline/Particles/SimpleLit' not found
Refreshing native plugins compatible for Editor in 1.23 ms, found 0 plugins.
Preloading 0 native plugins for Editor in 0.00 ms.
Unloading 3120 Unused Serialized files (Serialized files now loaded: 0)
System memory in use before: 138.5 MB.
System memory in use after: 138.8 MB.

Unloading 19 unused Assets to reduce memory usage. Loaded Objects now: 3694.
Total: 3.235900 ms (FindLiveObjects: 0.437200 ms CreateObjectMapping: 0.129800 ms MarkObjects: 2.641500 ms  DeleteObjects: 0.025600 ms)

AssetImportParameters requested are different than current active one (requested -> active):
  custom:graphics/normal-map-encoding: 01000000000000000000000000000000 -> 02000000000000000000000000000000
========================================================================
Received Import Request.
  Time since last request: 243.999452 seconds.
  path: Assets/Scripts/Enemy/Bat/EnemyHealth.cs
  artifactKey: Guid(f71ab104c6debb8428baa1c26f52b293) Importer(815301076,1909f56bfc062723c751e8b465ee728b)
Start importing Assets/Scripts/Enemy/Bat/EnemyHealth.cs using Guid(f71ab104c6debb8428baa1c26f52b293) Importer(815301076,1909f56bfc062723c751e8b465ee728b)  -> (artifact id: '1fa58276ed7f90917c921bee4a9a7efe') in 0.017400 seconds
  Import took 0.024506 seconds .

========================================================================
Received Import Request.
  Time since last request: 0.003798 seconds.
  path: Assets/Scripts/Enemy/Bat/EnemyHealth.cs
  artifactKey: Guid(f71ab104c6debb8428baa1c26f52b293) Importer(815301076,1909f56bfc062723c751e8b465ee728b)
Start importing Assets/Scripts/Enemy/Bat/EnemyHealth.cs using Guid(f71ab104c6debb8428baa1c26f52b293) Importer(815301076,1909f56bfc062723c751e8b465ee728b)  -> (artifact id: '1fa58276ed7f90917c921bee4a9a7efe') in 0.003768 seconds
  Import took 0.009916 seconds .

========================================================================
Received Prepare
Registering precompiled user dll's ...
Registered in 0.002793 seconds.
Begin MonoManager ReloadAssembly
Native extension for WindowsStandalone target not found
Refreshing native plugins compatible for Editor in 1.20 ms, found 0 plugins.
Preloading 0 native plugins for Editor in 0.00 ms.
Mono: successfully reloaded assembly
- Completed reload, in  1.214 seconds
Platform modules already initialized, skipping
Switching build target platform(5) subTarget(0) extendedPlatform(0) -> platform(13) subTarget(589824) extendedPlatform(0)
Shader 'Universal Render Pipeline/Particles/Lit': fallback shader 'Universal Render Pipeline/Particles/SimpleLit' not found
Refreshing native plugins compatible for Editor in 1.01 ms, found 0 plugins.
Preloading 0 native plugins for Editor in 0.00 ms.
Unloading 3120 Unused Serialized files (Serialized files now loaded: 0)
System memory in use before: 138.6 MB.
System memory in use after: 138.8 MB.

Unloading 19 unused Assets to reduce memory usage. Loaded Objects now: 3697.
Total: 3.663600 ms (FindLiveObjects: 0.547400 ms CreateObjectMapping: 0.112400 ms MarkObjects: 2.970800 ms  DeleteObjects: 0.030400 ms)

AssetImportParameters requested are different than current active one (requested -> active):
  custom:graphics/normal-map-encoding: 01000000000000000000000000000000 -> 02000000000000000000000000000000
========================================================================
Received Prepare
Registering precompiled user dll's ...
Registered in 0.001707 seconds.
Begin MonoManager ReloadAssembly
Native extension for WindowsStandalone target not found
Refreshing native plugins compatible for Editor in 1.03 ms, found 0 plugins.
Preloading 0 native plugins for Editor in 0.00 ms.
Mono: successfully reloaded assembly
- Completed reload, in  1.242 seconds
Platform modules already initialized, skipping
Switching build target platform(5) subTarget(0) extendedPlatform(0) -> platform(13) subTarget(589824) extendedPlatform(0)
Shader 'Universal Render Pipeline/Particles/Lit': fallback shader 'Universal Render Pipeline/Particles/SimpleLit' not found
Refreshing native plugins compatible for Editor in 1.03 ms, found 0 plugins.
Preloading 0 native plugins for Editor in 0.00 ms.
Unloading 3120 Unused Serialized files (Serialized files now loaded: 0)
System memory in use before: 138.6 MB.
System memory in use after: 138.8 MB.

Unloading 19 unused Assets to reduce memory usage. Loaded Objects now: 3700.
Total: 3.891200 ms (FindLiveObjects: 0.398600 ms CreateObjectMapping: 0.106100 ms MarkObjects: 3.358300 ms  DeleteObjects: 0.026500 ms)

AssetImportParameters requested are different than current active one (requested -> active):
  custom:graphics/normal-map-encoding: 01000000000000000000000000000000 -> 02000000000000000000000000000000
========================================================================
Received Import Request.
  Time since last request: 156.835366 seconds.
  path: Assets/Scripts/Enemy/Bat/EnemyHealth.cs
  artifactKey: Guid(f71ab104c6debb8428baa1c26f52b293) Importer(815301076,1909f56bfc062723c751e8b465ee728b)
Start importing Assets/Scripts/Enemy/Bat/EnemyHealth.cs using Guid(f71ab104c6debb8428baa1c26f52b293) Importer(815301076,1909f56bfc062723c751e8b465ee728b)  -> (artifact id: '0b554a3e6665a3adca8e1ec4f4943fee') in 0.008817 seconds
  Import took 0.015338 seconds .

========================================================================
Received Import Request.
  Time since last request: 22.331877 seconds.
  path: Assets/Prefabs/Ario.prefab
  artifactKey: Guid(3ab988266e8efd440a2c391a86b0ac0a) Importer(815301076,1909f56bfc062723c751e8b465ee728b)
Start importing Assets/Prefabs/Ario.prefab using Guid(3ab988266e8efd440a2c391a86b0ac0a) Importer(815301076,1909f56bfc062723c751e8b465ee728b)  -> (artifact id: '217aed555c5183cd6720695a504299c4') in 0.075689 seconds
  Import took 0.083548 seconds .

========================================================================
Received Prepare
Registering precompiled user dll's ...
Registered in 0.002316 seconds.
Begin MonoManager ReloadAssembly
Native extension for WindowsStandalone target not found
Refreshing native plugins compatible for Editor in 1.09 ms, found 0 plugins.
Preloading 0 native plugins for Editor in 0.00 ms.
Mono: successfully reloaded assembly
- Completed reload, in  1.233 seconds
Platform modules already initialized, skipping
Switching build target platform(5) subTarget(0) extendedPlatform(0) -> platform(13) subTarget(589824) extendedPlatform(0)
Shader 'Universal Render Pipeline/Particles/Lit': fallback shader 'Universal Render Pipeline/Particles/SimpleLit' not found
Refreshing native plugins compatible for Editor in 1.07 ms, found 0 plugins.
Preloading 0 native plugins for Editor in 0.00 ms.
Unloading 3120 Unused Serialized files (Serialized files now loaded: 0)
System memory in use before: 138.6 MB.
System memory in use after: 138.8 MB.

Unloading 19 unused Assets to reduce memory usage. Loaded Objects now: 3704.
Total: 3.711400 ms (FindLiveObjects: 0.413900 ms CreateObjectMapping: 0.092000 ms MarkObjects: 3.172900 ms  DeleteObjects: 0.031200 ms)

AssetImportParameters requested are different than current active one (requested -> active):
  custom:graphics/normal-map-encoding: 01000000000000000000000000000000 -> 02000000000000000000000000000000
========================================================================
Received Prepare
Registering precompiled user dll's ...
Registered in 0.001870 seconds.
Begin MonoManager ReloadAssembly
Native extension for WindowsStandalone target not found
Refreshing native plugins compatible for Editor in 1.60 ms, found 0 plugins.
Preloading 0 native plugins for Editor in 0.00 ms.
Mono: successfully reloaded assembly
- Completed reload, in  1.267 seconds
Platform modules already initialized, skipping
Switching build target platform(5) subTarget(0) extendedPlatform(0) -> platform(13) subTarget(589824) extendedPlatform(0)
Shader 'Universal Render Pipeline/Particles/Lit': fallback shader 'Universal Render Pipeline/Particles/SimpleLit' not found
Refreshing native plugins compatible for Editor in 1.66 ms, found 0 plugins.
Preloading 0 native plugins for Editor in 0.00 ms.
Unloading 3120 Unused Serialized files (Serialized files now loaded: 0)
System memory in use before: 138.6 MB.
System memory in use after: 138.8 MB.

Unloading 19 unused Assets to reduce memory usage. Loaded Objects now: 3707.
Total: 4.144000 ms (FindLiveObjects: 0.633200 ms CreateObjectMapping: 0.195900 ms MarkObjects: 3.286300 ms  DeleteObjects: 0.027000 ms)

AssetImportParameters requested are different than current active one (requested -> active):
  custom:graphics/normal-map-encoding: 01000000000000000000000000000000 -> 02000000000000000000000000000000
========================================================================
Received Import Request.
  Time since last request: 94.448885 seconds.
  path: Assets/Prefabs/TurtleCannon.prefab
  artifactKey: Guid(b8977fa03425b7e42ba8293815fbdbe4) Importer(815301076,1909f56bfc062723c751e8b465ee728b)
Start importing Assets/Prefabs/TurtleCannon.prefab using Guid(b8977fa03425b7e42ba8293815fbdbe4) Importer(815301076,1909f56bfc062723c751e8b465ee728b)  -> (artifact id: '126a81a3fa16574dda42a440b124ab94') in 0.108653 seconds
  Import took 0.116080 seconds .

========================================================================
Received Prepare
Registering precompiled user dll's ...
Registered in 0.001776 seconds.
Begin MonoManager ReloadAssembly
Native extension for WindowsStandalone target not found
Refreshing native plugins compatible for Editor in 1.05 ms, found 0 plugins.
Preloading 0 native plugins for Editor in 0.00 ms.
Mono: successfully reloaded assembly
- Completed reload, in  1.249 seconds
Platform modules already initialized, skipping
Switching build target platform(5) subTarget(0) extendedPlatform(0) -> platform(13) subTarget(589824) extendedPlatform(0)
Shader 'Universal Render Pipeline/Particles/Lit': fallback shader 'Universal Render Pipeline/Particles/SimpleLit' not found
Refreshing native plugins compatible for Editor in 1.09 ms, found 0 plugins.
Preloading 0 native plugins for Editor in 0.00 ms.
Unloading 3120 Unused Serialized files (Serialized files now loaded: 0)
System memory in use before: 138.6 MB.
System memory in use after: 138.9 MB.

Unloading 19 unused Assets to reduce memory usage. Loaded Objects now: 3711.
Total: 3.753900 ms (FindLiveObjects: 0.442900 ms CreateObjectMapping: 0.122200 ms MarkObjects: 3.159800 ms  DeleteObjects: 0.027200 ms)

AssetImportParameters requested are different than current active one (requested -> active):
  custom:graphics/normal-map-encoding: 01000000000000000000000000000000 -> 02000000000000000000000000000000
========================================================================
Received Import Request.
  Time since last request: 453.807150 seconds.
  path: Assets/Prefabs/Ario.prefab
  artifactKey: Guid(3ab988266e8efd440a2c391a86b0ac0a) Importer(815301076,1909f56bfc062723c751e8b465ee728b)
Start importing Assets/Prefabs/Ario.prefab using Guid(3ab988266e8efd440a2c391a86b0ac0a) Importer(815301076,1909f56bfc062723c751e8b465ee728b)  -> (artifact id: '776c057d8895e9b2ca780799026e030f') in 0.078251 seconds
  Import took 0.085304 seconds .

========================================================================
Received Import Request.
  Time since last request: 10.275573 seconds.
  path: Assets/Prefabs/TurtleCannon.prefab
  artifactKey: Guid(b8977fa03425b7e42ba8293815fbdbe4) Importer(815301076,1909f56bfc062723c751e8b465ee728b)
Start importing Assets/Prefabs/TurtleCannon.prefab using Guid(b8977fa03425b7e42ba8293815fbdbe4) Importer(815301076,1909f56bfc062723c751e8b465ee728b)  -> (artifact id: '9e93bb86dc4f9d51a3c41a55531f6a92') in 0.017838 seconds
  Import took 0.025215 seconds .

========================================================================
Received Import Request.
  Time since last request: 20.093184 seconds.
  path: Assets/Prefabs/Ario.prefab
  artifactKey: Guid(3ab988266e8efd440a2c391a86b0ac0a) Importer(815301076,1909f56bfc062723c751e8b465ee728b)
Start importing Assets/Prefabs/Ario.prefab using Guid(3ab988266e8efd440a2c391a86b0ac0a) Importer(815301076,1909f56bfc062723c751e8b465ee728b)  -> (artifact id: 'e2ff1f80e7ff2f0ef0c03ad7314cabb7') in 0.021275 seconds
  Import took 0.029205 seconds .

========================================================================
Received Prepare
Registering precompiled user dll's ...
Registered in 0.001775 seconds.
Begin MonoManager ReloadAssembly
Native extension for WindowsStandalone target not found
Refreshing native plugins compatible for Editor in 1.04 ms, found 0 plugins.
Preloading 0 native plugins for Editor in 0.00 ms.
Mono: successfully reloaded assembly
- Completed reload, in  1.249 seconds
Platform modules already initialized, skipping
Switching build target platform(5) subTarget(0) extendedPlatform(0) -> platform(13) subTarget(589824) extendedPlatform(0)
Shader 'Universal Render Pipeline/Particles/Lit': fallback shader 'Universal Render Pipeline/Particles/SimpleLit' not found
Refreshing native plugins compatible for Editor in 1.02 ms, found 0 plugins.
Preloading 0 native plugins for Editor in 0.00 ms.
Unloading 3120 Unused Serialized files (Serialized files now loaded: 0)
System memory in use before: 138.7 MB.
System memory in use after: 138.9 MB.

Unloading 19 unused Assets to reduce memory usage. Loaded Objects now: 3715.
Total: 3.557900 ms (FindLiveObjects: 0.417500 ms CreateObjectMapping: 0.121500 ms MarkObjects: 2.988800 ms  DeleteObjects: 0.028200 ms)

AssetImportParameters requested are different than current active one (requested -> active):
  custom:graphics/normal-map-encoding: 01000000000000000000000000000000 -> 02000000000000000000000000000000
========================================================================
Received Prepare
Registering precompiled user dll's ...
Registered in 0.002893 seconds.
Begin MonoManager ReloadAssembly
Native extension for WindowsStandalone target not found
Refreshing native plugins compatible for Editor in 1.07 ms, found 0 plugins.
Preloading 0 native plugins for Editor in 0.00 ms.
Mono: successfully reloaded assembly
- Completed reload, in  1.318 seconds
Platform modules already initialized, skipping
Switching build target platform(5) subTarget(0) extendedPlatform(0) -> platform(13) subTarget(589824) extendedPlatform(0)
Shader 'Universal Render Pipeline/Particles/Lit': fallback shader 'Universal Render Pipeline/Particles/SimpleLit' not found
Refreshing native plugins compatible for Editor in 1.17 ms, found 0 plugins.
Preloading 0 native plugins for Editor in 0.00 ms.
Unloading 3120 Unused Serialized files (Serialized files now loaded: 0)
System memory in use before: 138.7 MB.
System memory in use after: 138.9 MB.

Unloading 19 unused Assets to reduce memory usage. Loaded Objects now: 3718.
Total: 3.846500 ms (FindLiveObjects: 0.498200 ms CreateObjectMapping: 0.448500 ms MarkObjects: 2.866600 ms  DeleteObjects: 0.031300 ms)

AssetImportParameters requested are different than current active one (requested -> active):
  custom:graphics/normal-map-encoding: 01000000000000000000000000000000 -> 02000000000000000000000000000000
========================================================================
Received Prepare
Registering precompiled user dll's ...
Registered in 0.001800 seconds.
Begin MonoManager ReloadAssembly
Native extension for WindowsStandalone target not found
Refreshing native plugins compatible for Editor in 1.14 ms, found 0 plugins.
Preloading 0 native plugins for Editor in 0.00 ms.
Mono: successfully reloaded assembly
- Completed reload, in  1.332 seconds
Platform modules already initialized, skipping
Switching build target platform(5) subTarget(0) extendedPlatform(0) -> platform(13) subTarget(589824) extendedPlatform(0)
Shader 'Universal Render Pipeline/Particles/Lit': fallback shader 'Universal Render Pipeline/Particles/SimpleLit' not found
Refreshing native plugins compatible for Editor in 1.02 ms, found 0 plugins.
Preloading 0 native plugins for Editor in 0.00 ms.
Unloading 3120 Unused Serialized files (Serialized files now loaded: 0)
System memory in use before: 138.7 MB.
System memory in use after: 138.9 MB.

Unloading 19 unused Assets to reduce memory usage. Loaded Objects now: 3721.
Total: 3.569100 ms (FindLiveObjects: 0.404900 ms CreateObjectMapping: 0.105800 ms MarkObjects: 3.030800 ms  DeleteObjects: 0.026000 ms)

AssetImportParameters requested are different than current active one (requested -> active):
  custom:graphics/normal-map-encoding: 01000000000000000000000000000000 -> 02000000000000000000000000000000
AssetImportWorkerClient::OnTransportError - code=2 error=End of file
